<?xml version="1.0" encoding="UTF-8"?>
<testng-results skipped="0" failed="0" ignored="0" total="3" passed="3">
  <reporter-output>
  </reporter-output>
  <suite name="Default suite" duration-ms="27515" started-at="2020-09-23T20:47:43 IST" finished-at="2020-09-23T20:48:11 IST">
    <groups>
    </groups>
    <test name="Default test" duration-ms="27515" started-at="2020-09-23T20:47:43 IST" finished-at="2020-09-23T20:48:11 IST">
      <class name="com.james.tests.TestHomePage">
        <test-method status="PASS" signature="initDriver([Ljava.lang.Object;)[pri:0, instance:com.james.tests.TestHomePage@7a1ebcd8]" name="initDriver" is-config="true" duration-ms="5973" started-at="2020-09-23T20:47:43 IST" finished-at="2020-09-23T20:47:49 IST">
          <params>
            <param index="0">
              <value>
                <![CDATA[[Ljava.lang.Object;@180e6ac4]]>
              </value>
            </param>
          </params>
          <reporter-output>
          </reporter-output>
        </test-method> <!-- initDriver -->
        <test-method status="PASS" signature="initReport(java.lang.reflect.Method, [Ljava.lang.Object;)[pri:0, instance:com.james.tests.TestHomePage@7a1ebcd8]" name="initReport" is-config="true" duration-ms="3" started-at="2020-09-23T20:47:49 IST" finished-at="2020-09-23T20:47:49 IST">
          <params>
            <param index="0">
              <value>
                <![CDATA[public void com.james.tests.TestHomePage.homePageTest(com.james.components.TestDevice) throws java.io.IOException]]>
              </value>
            </param>
            <param index="1">
              <value>
                <![CDATA[[Ljava.lang.Object;@180e6ac4]]>
              </value>
            </param>
          </params>
          <reporter-output>
          </reporter-output>
        </test-method> <!-- initReport -->
        <test-method status="PASS" signature="homePageTest(com.james.components.TestDevice)[pri:0, instance:com.james.tests.TestHomePage@7a1ebcd8]" name="homePageTest" duration-ms="3189" started-at="2020-09-23T20:47:49 IST" data-provider="devices" finished-at="2020-09-23T20:47:53 IST">
          <params>
            <param index="0">
              <value>
                <![CDATA[mobile 450x800]]>
              </value>
            </param>
          </params>
          <reporter-output>
          </reporter-output>
        </test-method> <!-- homePageTest -->
        <test-method status="PASS" signature="provideTestEndDate()[pri:0, instance:com.james.tests.TestHomePage@7a1ebcd8]" name="provideTestEndDate" is-config="true" duration-ms="0" started-at="2020-09-23T20:47:53 IST" finished-at="2020-09-23T20:47:53 IST">
          <reporter-output>
          </reporter-output>
        </test-method> <!-- provideTestEndDate -->
        <test-method status="PASS" signature="quitDriver()[pri:0, instance:com.james.tests.TestHomePage@7a1ebcd8]" name="quitDriver" is-config="true" duration-ms="638" started-at="2020-09-23T20:47:53 IST" finished-at="2020-09-23T20:47:53 IST">
          <reporter-output>
          </reporter-output>
        </test-method> <!-- quitDriver -->
        <test-method status="PASS" signature="initDriver([Ljava.lang.Object;)[pri:0, instance:com.james.tests.TestHomePage@7a1ebcd8]" name="initDriver" is-config="true" duration-ms="5273" started-at="2020-09-23T20:47:53 IST" finished-at="2020-09-23T20:47:58 IST">
          <params>
            <param index="0">
              <value>
                <![CDATA[[Ljava.lang.Object;@42b64ab8]]>
              </value>
            </param>
          </params>
          <reporter-output>
          </reporter-output>
        </test-method> <!-- initDriver -->
        <test-method status="PASS" signature="homePageTest(com.james.components.TestDevice)[pri:0, instance:com.james.tests.TestHomePage@7a1ebcd8]" name="homePageTest" duration-ms="2737" started-at="2020-09-23T20:47:58 IST" data-provider="devices" finished-at="2020-09-23T20:48:01 IST">
          <params>
            <param index="0">
              <value>
                <![CDATA[tablet 750x800]]>
              </value>
            </param>
          </params>
          <reporter-output>
          </reporter-output>
        </test-method> <!-- homePageTest -->
        <test-method status="PASS" signature="initReport(java.lang.reflect.Method, [Ljava.lang.Object;)[pri:0, instance:com.james.tests.TestHomePage@7a1ebcd8]" name="initReport" is-config="true" duration-ms="0" started-at="2020-09-23T20:47:58 IST" finished-at="2020-09-23T20:47:58 IST">
          <params>
            <param index="0">
              <value>
                <![CDATA[public void com.james.tests.TestHomePage.homePageTest(com.james.components.TestDevice) throws java.io.IOException]]>
              </value>
            </param>
            <param index="1">
              <value>
                <![CDATA[[Ljava.lang.Object;@42b64ab8]]>
              </value>
            </param>
          </params>
          <reporter-output>
          </reporter-output>
        </test-method> <!-- initReport -->
        <test-method status="PASS" signature="quitDriver()[pri:0, instance:com.james.tests.TestHomePage@7a1ebcd8]" name="quitDriver" is-config="true" duration-ms="639" started-at="2020-09-23T20:48:01 IST" finished-at="2020-09-23T20:48:02 IST">
          <reporter-output>
          </reporter-output>
        </test-method> <!-- quitDriver -->
        <test-method status="PASS" signature="provideTestEndDate()[pri:0, instance:com.james.tests.TestHomePage@7a1ebcd8]" name="provideTestEndDate" is-config="true" duration-ms="0" started-at="2020-09-23T20:48:01 IST" finished-at="2020-09-23T20:48:01 IST">
          <reporter-output>
          </reporter-output>
        </test-method> <!-- provideTestEndDate -->
        <test-method status="PASS" signature="initDriver([Ljava.lang.Object;)[pri:0, instance:com.james.tests.TestHomePage@7a1ebcd8]" name="initDriver" is-config="true" duration-ms="5301" started-at="2020-09-23T20:48:02 IST" finished-at="2020-09-23T20:48:07 IST">
          <params>
            <param index="0">
              <value>
                <![CDATA[[Ljava.lang.Object;@7e985ce9]]>
              </value>
            </param>
          </params>
          <reporter-output>
          </reporter-output>
        </test-method> <!-- initDriver -->
        <test-method status="PASS" signature="initReport(java.lang.reflect.Method, [Ljava.lang.Object;)[pri:0, instance:com.james.tests.TestHomePage@7a1ebcd8]" name="initReport" is-config="true" duration-ms="1" started-at="2020-09-23T20:48:07 IST" finished-at="2020-09-23T20:48:07 IST">
          <params>
            <param index="0">
              <value>
                <![CDATA[public void com.james.tests.TestHomePage.homePageTest(com.james.components.TestDevice) throws java.io.IOException]]>
              </value>
            </param>
            <param index="1">
              <value>
                <![CDATA[[Ljava.lang.Object;@7e985ce9]]>
              </value>
            </param>
          </params>
          <reporter-output>
          </reporter-output>
        </test-method> <!-- initReport -->
        <test-method status="PASS" signature="homePageTest(com.james.components.TestDevice)[pri:0, instance:com.james.tests.TestHomePage@7a1ebcd8]" name="homePageTest" duration-ms="3081" started-at="2020-09-23T20:48:07 IST" data-provider="devices" finished-at="2020-09-23T20:48:10 IST">
          <params>
            <param index="0">
              <value>
                <![CDATA[desktop 1024x800]]>
              </value>
            </param>
          </params>
          <reporter-output>
          </reporter-output>
        </test-method> <!-- homePageTest -->
        <test-method status="PASS" signature="quitDriver()[pri:0, instance:com.james.tests.TestHomePage@7a1ebcd8]" name="quitDriver" is-config="true" duration-ms="644" started-at="2020-09-23T20:48:10 IST" finished-at="2020-09-23T20:48:11 IST">
          <reporter-output>
          </reporter-output>
        </test-method> <!-- quitDriver -->
        <test-method status="PASS" signature="provideTestEndDate()[pri:0, instance:com.james.tests.TestHomePage@7a1ebcd8]" name="provideTestEndDate" is-config="true" duration-ms="0" started-at="2020-09-23T20:48:10 IST" finished-at="2020-09-23T20:48:10 IST">
          <reporter-output>
          </reporter-output>
        </test-method> <!-- provideTestEndDate -->
      </class> <!-- com.james.tests.TestHomePage -->
    </test> <!-- Default test -->
  </suite> <!-- Default suite -->
</testng-results>
