<?xml version="1.0" encoding="UTF-8"?>
<!-- Generated by org.testng.reporters.JUnitXMLReporter -->
<testsuite hostname="LAPTOP-8CUGG0HS" ignored="0" name="Default test" tests="3" failures="0" timestamp="2020-09-23T20:48:11 IST" time="27.515" errors="0">
  <testcase name="homePageTest" time="3.189" classname="com.james.tests.TestHomePage"/>
  <testcase name="homePageTest" time="2.737" classname="com.james.tests.TestHomePage"/>
  <testcase name="homePageTest" time="3.081" classname="com.james.tests.TestHomePage"/>
</testsuite> <!-- Default test -->
