<?xml version="1.0" encoding="UTF-8"?>
<!-- Generated by org.testng.reporters.JUnitXMLReporter -->
<testsuite hostname="LAPTOP-8CUGG0HS" ignored="0" name="Default test" tests="3" failures="0" timestamp="2020-10-25T18:49:28 GMT" time="49.932" errors="0">
  <testcase name="homePageTest" time="7.197" classname="com.james.tests.TestHomePage"/>
  <testcase name="homePageTest" time="7.384" classname="com.james.tests.TestHomePage"/>
  <testcase name="homePageTest" time="14.11" classname="com.james.tests.TestHomePage"/>
</testsuite> <!-- Default test -->
